<?xml version="1.0" encoding="UTF-8"?>
<!-- Generated by org.testng.reporters.JUnitReportReporter -->
<testsuite skipped="0" hostname="Abhijeeth" name="qaclickacademy.AppiumTest" tests="2" failures="0" timestamp="20 Apr 2021 12:18:10 GMT" time="0.000" errors="0">
  <testcase name="NativeAppandroid" time="0.000" classname="qaclickacademy.AppiumTest"/>
  <testcase name="IOS" time="0.000" classname="qaclickacademy.AppiumTest"/>
</testsuite> <!-- qaclickacademy.AppiumTest -->
