<?xml version="1.0" encoding="UTF-8"?>
<!-- Generated by org.testng.reporters.JUnitReportReporter -->
<testsuite skipped="0" hostname="Abhijeeth" name="qaclickacademy.SeleniumTest" tests="2" failures="0" timestamp="20 Apr 2021 12:20:45 GMT" time="0.010" errors="0">
  <testcase name="BrowserAutomation" time="0.010" classname="qaclickacademy.SeleniumTest"/>
  <testcase name="elementsUI" time="0.000" classname="qaclickacademy.SeleniumTest"/>
</testsuite> <!-- qaclickacademy.SeleniumTest -->
